<?xml version="1.0" encoding="UTF-8"?>
<testsuite name="com.easyui.core.domain.rules.ContactTileRulesTest" tests="3" skipped="0" failures="0" errors="0" timestamp="2026-05-26T08:00:58" hostname="munaim" time="0.01">
  <properties/>
  <testcase name="photo fallback uses initials when no photo is available" classname="com.easyui.core.domain.rules.ContactTileRulesTest" time="0.005"/>
  <testcase name="validate requires a display name and phone number" classname="com.easyui.core.domain.rules.ContactTileRulesTest" time="0.002"/>
  <testcase name="initials use up to two words" classname="com.easyui.core.domain.rules.ContactTileRulesTest" time="0.001"/>
  <system-out><![CDATA[]]></system-out>
  <system-err><![CDATA[]]></system-err>
</testsuite>
