<?xml version="1.0" encoding="UTF-8"?>
<testsuite name="com.easyui.core.domain.rules.SetupCompletenessTest" tests="3" skipped="0" failures="0" errors="0" timestamp="2026-05-26T08:00:58" hostname="munaim" time="0.001">
  <properties/>
  <testcase name="score is 1 for fully configured state" classname="com.easyui.core.domain.rules.SetupCompletenessTest" time="0.001"/>
  <testcase name="partial completeness" classname="com.easyui.core.domain.rules.SetupCompletenessTest" time="0.0"/>
  <testcase name="score is zero for default settings" classname="com.easyui.core.domain.rules.SetupCompletenessTest" time="0.0"/>
  <system-out><![CDATA[]]></system-out>
  <system-err><![CDATA[]]></system-err>
</testsuite>
