<?xml version="1.0" encoding="UTF-8"?>
<testsuite name="com.easyui.core.domain.rules.VerySimpleModeRulesTest" tests="2" skipped="0" failures="0" errors="0" timestamp="2026-05-26T08:00:58" hostname="munaim" time="0.008">
  <properties/>
  <testcase name="very simple mode is reversible" classname="com.easyui.core.domain.rules.VerySimpleModeRulesTest" time="0.001"/>
  <testcase name="very simple mode keeps a calm subset of tiles" classname="com.easyui.core.domain.rules.VerySimpleModeRulesTest" time="0.007"/>
  <system-out><![CDATA[]]></system-out>
  <system-err><![CDATA[]]></system-err>
</testsuite>
