<?xml version="1.0" encoding="UTF-8"?>
<testsuite name="com.easyui.core.domain.rules.AppCatalogRulesTest" tests="2" skipped="0" failures="0" errors="0" timestamp="2026-05-26T08:00:57" hostname="munaim" time="0.044">
  <properties/>
  <testcase name="sortAlphabetically orders by label" classname="com.easyui.core.domain.rules.AppCatalogRulesTest" time="0.043"/>
  <testcase name="filterByQuery matches labels and package names" classname="com.easyui.core.domain.rules.AppCatalogRulesTest" time="0.001"/>
  <system-out><![CDATA[]]></system-out>
  <system-err><![CDATA[]]></system-err>
</testsuite>
