<?xml version="1.0" encoding="UTF-8"?>
<testsuite name="com.easyui.core.domain.security.PinHasherTest" tests="2" skipped="0" failures="0" errors="0" timestamp="2026-05-26T08:00:58" hostname="munaim" time="0.019">
  <properties/>
  <testcase name="verify matches correct pin only" classname="com.easyui.core.domain.security.PinHasherTest" time="0.016"/>
  <testcase name="create produces non-plain-text hash material" classname="com.easyui.core.domain.security.PinHasherTest" time="0.003"/>
  <system-out><![CDATA[]]></system-out>
  <system-err><![CDATA[]]></system-err>
</testsuite>
