<?xml version="1.0" encoding="UTF-8"?>
<testsuite name="com.easyui.core.domain.rules.BatteryDisplayRulesTest" tests="2" skipped="0" failures="0" errors="0" timestamp="2026-05-26T08:00:57" hostname="munaim" time="0.018">
  <properties/>
  <testcase name="summary shows low battery state" classname="com.easyui.core.domain.rules.BatteryDisplayRulesTest" time="0.017"/>
  <testcase name="summary shows charging state" classname="com.easyui.core.domain.rules.BatteryDisplayRulesTest" time="0.0"/>
  <system-out><![CDATA[]]></system-out>
  <system-err><![CDATA[]]></system-err>
</testsuite>
